[13-Feb-2025 14:52:29 UTC] PHP Parse error:  syntax error, unexpected token "}" in D:\Nepweb Tech\Local Sites\cool-kids-network\app\public\wp-content\plugins\cool-kids-network\includes\class-ckn-registration.php on line 26
[13-Feb-2025 15:00:33 UTC] PHP Parse error:  syntax error, unexpected token "=" in D:\Nepweb Tech\Local Sites\cool-kids-network\app\public\wp-content\plugins\cool-kids-network\includes\class-ckn-registration.php on line 27
[13-Feb-2025 15:06:36 UTC] PHP Parse error:  syntax error, unexpected token "}" in D:\Nepweb Tech\Local Sites\cool-kids-network\app\public\wp-content\plugins\cool-kids-network\includes\class-ckn-registration.php on line 35
[13-Feb-2025 15:08:37 UTC] PHP Parse error:  syntax error, unexpected token "}" in D:\Nepweb Tech\Local Sites\cool-kids-network\app\public\wp-content\plugins\cool-kids-network\includes\class-ckn-registration.php on line 38
[13-Feb-2025 15:12:39 UTC] PHP Parse error:  syntax error, unexpected token "}" in D:\Nepweb Tech\Local Sites\cool-kids-network\app\public\wp-content\plugins\cool-kids-network\includes\class-ckn-registration.php on line 40
[13-Feb-2025 15:18:40 UTC] PHP Warning:  Array to string conversion in D:\Nepweb Tech\Local Sites\cool-kids-network\app\public\wp-content\plugins\cool-kids-network\includes\class-ckn-registration.php on line 43
[13-Feb-2025 15:24:24 UTC] PHP Parse error:  syntax error, unexpected identifier "update_user_meta" in D:\Nepweb Tech\Local Sites\cool-kids-network\app\public\wp-content\plugins\cool-kids-network\includes\class-ckn-registration.php on line 44
[13-Feb-2025 15:34:55 UTC] PHP Parse error:  syntax error, unexpected token "}" in D:\Nepweb Tech\Local Sites\cool-kids-network\app\public\wp-content\plugins\cool-kids-network\includes\class-ckn-registration.php on line 60
[13-Feb-2025 16:17:16 UTC] PHP Warning:  require_once(D:\Nepweb Tech\Local Sites\cool-kids-network\app\public\wp-content\plugins\cool-kids-network/includes/class-ckn-login.php): Failed to open stream: No such file or directory in D:\Nepweb Tech\Local Sites\cool-kids-network\app\public\wp-content\plugins\cool-kids-network\cool-kids-network.php on line 16
[13-Feb-2025 16:17:16 UTC] PHP Fatal error:  Uncaught Error: Failed opening required 'D:\Nepweb Tech\Local Sites\cool-kids-network\app\public\wp-content\plugins\cool-kids-network/includes/class-ckn-login.php' (include_path='.:/usr/share/php:/www/wp-content/pear') in D:\Nepweb Tech\Local Sites\cool-kids-network\app\public\wp-content\plugins\cool-kids-network\cool-kids-network.php:16
Stack trace:
#0 D:\Nepweb Tech\Local Sites\cool-kids-network\app\public\wp-settings.php(526): include_once()
#1 D:\Nepweb Tech\Local Sites\cool-kids-network\app\public\wp-config.php(103): require_once('D:\\Nepweb Tech\\...')
#2 D:\Nepweb Tech\Local Sites\cool-kids-network\app\public\wp-load.php(50): require_once('D:\\Nepweb Tech\\...')
#3 D:\Nepweb Tech\Local Sites\cool-kids-network\app\public\wp-admin\admin-ajax.php(22): require_once('D:\\Nepweb Tech\\...')
#4 {main}
  thrown in D:\Nepweb Tech\Local Sites\cool-kids-network\app\public\wp-content\plugins\cool-kids-network\cool-kids-network.php on line 16
[13-Feb-2025 16:19:17 UTC] PHP Parse error:  syntax error, unexpected token "}" in D:\Nepweb Tech\Local Sites\cool-kids-network\app\public\wp-content\plugins\cool-kids-network\includes\class-ckn-login.php on line 12
[13-Feb-2025 16:55:36 UTC] PHP Warning:  require_once(D:\Nepweb Tech\Local Sites\cool-kids-network\app\public\wp-content\plugins\cool-kids-network): Failed to open stream: Permission denied in D:\Nepweb Tech\Local Sites\cool-kids-network\app\public\wp-content\plugins\cool-kids-network\cool-kids-network.php on line 21
[13-Feb-2025 16:55:36 UTC] PHP Fatal error:  Uncaught Error: Failed opening required '' (include_path='.:/usr/share/php:/www/wp-content/pear') in D:\Nepweb Tech\Local Sites\cool-kids-network\app\public\wp-content\plugins\cool-kids-network\cool-kids-network.php:21
Stack trace:
#0 D:\Nepweb Tech\Local Sites\cool-kids-network\app\public\wp-settings.php(526): include_once()
#1 D:\Nepweb Tech\Local Sites\cool-kids-network\app\public\wp-config.php(103): require_once('D:\\Nepweb Tech\\...')
#2 D:\Nepweb Tech\Local Sites\cool-kids-network\app\public\wp-load.php(50): require_once('D:\\Nepweb Tech\\...')
#3 D:\Nepweb Tech\Local Sites\cool-kids-network\app\public\wp-admin\admin-ajax.php(22): require_once('D:\\Nepweb Tech\\...')
#4 {main}
  thrown in D:\Nepweb Tech\Local Sites\cool-kids-network\app\public\wp-content\plugins\cool-kids-network\cool-kids-network.php on line 21
[13-Feb-2025 16:57:37 UTC] PHP Parse error:  syntax error, unexpected token "}" in D:\Nepweb Tech\Local Sites\cool-kids-network\app\public\wp-content\plugins\cool-kids-network\includes\class-ckn-dashboard.php on line 6
[13-Feb-2025 16:58:32 UTC] PHP Parse error:  syntax error, unexpected token "}", expecting variable in D:\Nepweb Tech\Local Sites\cool-kids-network\app\public\wp-content\plugins\cool-kids-network\includes\class-ckn-dashboard.php on line 10
[13-Feb-2025 16:59:38 UTC] PHP Parse error:  syntax error, unexpected token "}", expecting ";" in D:\Nepweb Tech\Local Sites\cool-kids-network\app\public\wp-content\plugins\cool-kids-network\includes\class-ckn-dashboard.php on line 11
[13-Feb-2025 17:07:42 UTC] PHP Parse error:  syntax error, unexpected token ";" in D:\Nepweb Tech\Local Sites\cool-kids-network\app\public\wp-content\plugins\cool-kids-network\includes\class-ckn-dashboard.php on line 19
[13-Feb-2025 17:08:37 UTC] PHP Parse error:  syntax error, unexpected token ";" in D:\Nepweb Tech\Local Sites\cool-kids-network\app\public\wp-content\plugins\cool-kids-network\includes\class-ckn-dashboard.php on line 19
[13-Feb-2025 17:09:43 UTC] PHP Parse error:  syntax error, unexpected token "}", expecting ";" in D:\Nepweb Tech\Local Sites\cool-kids-network\app\public\wp-content\plugins\cool-kids-network\includes\class-ckn-dashboard.php on line 23
[13-Feb-2025 17:19:13 UTC] PHP Parse error:  syntax error, unexpected token "}", expecting "," or ";" in D:\Nepweb Tech\Local Sites\cool-kids-network\app\public\wp-content\plugins\cool-kids-network\includes\class-ckn-dashboard.php on line 36
[13-Feb-2025 17:36:54 UTC] PHP Parse error:  syntax error, unexpected token "echo", expecting "," or ";" in D:\Nepweb Tech\Local Sites\cool-kids-network\app\public\wp-content\plugins\cool-kids-network\includes\class-ckn-dashboard.php on line 37
[13-Feb-2025 17:51:27 UTC] PHP Parse error:  syntax error, unexpected token "if" in D:\Nepweb Tech\Local Sites\cool-kids-network\app\public\wp-content\plugins\cool-kids-network\includes\class-ckn-dashboard.php on line 33
[13-Feb-2025 17:52:07 UTC] PHP Parse error:  syntax error, unexpected token "if" in D:\Nepweb Tech\Local Sites\cool-kids-network\app\public\wp-content\plugins\cool-kids-network\includes\class-ckn-dashboard.php on line 33
[13-Feb-2025 17:53:28 UTC] PHP Parse error:  syntax error, unexpected token "if" in D:\Nepweb Tech\Local Sites\cool-kids-network\app\public\wp-content\plugins\cool-kids-network\includes\class-ckn-dashboard.php on line 33
[13-Feb-2025 17:54:08 UTC] PHP Parse error:  syntax error, unexpected token "if" in D:\Nepweb Tech\Local Sites\cool-kids-network\app\public\wp-content\plugins\cool-kids-network\includes\class-ckn-dashboard.php on line 33
[13-Feb-2025 18:03:23 UTC] PHP Warning:  Uninitialized string offset 0 in D:\Nepweb Tech\Local Sites\cool-kids-network\app\public\wp-content\plugins\cool-kids-network\includes\class-ckn-dashboard.php on line 47
[13-Feb-2025 18:03:23 UTC] PHP Warning:  Uninitialized string offset 0 in D:\Nepweb Tech\Local Sites\cool-kids-network\app\public\wp-content\plugins\cool-kids-network\includes\class-ckn-dashboard.php on line 47
[13-Feb-2025 18:03:23 UTC] PHP Warning:  Uninitialized string offset 0 in D:\Nepweb Tech\Local Sites\cool-kids-network\app\public\wp-content\plugins\cool-kids-network\includes\class-ckn-dashboard.php on line 47
[13-Feb-2025 18:03:23 UTC] PHP Warning:  Uninitialized string offset 0 in D:\Nepweb Tech\Local Sites\cool-kids-network\app\public\wp-content\plugins\cool-kids-network\includes\class-ckn-dashboard.php on line 47
[13-Feb-2025 18:03:23 UTC] PHP Warning:  Uninitialized string offset 0 in D:\Nepweb Tech\Local Sites\cool-kids-network\app\public\wp-content\plugins\cool-kids-network\includes\class-ckn-dashboard.php on line 47
[13-Feb-2025 18:07:29 UTC] PHP Parse error:  syntax error, unexpected token "{", expecting ";" in D:\Nepweb Tech\Local Sites\cool-kids-network\app\public\wp-content\plugins\cool-kids-network\includes\class-ckn-dashboard.php on line 33
[13-Feb-2025 18:07:29 UTC] PHP Parse error:  syntax error, unexpected token "{", expecting ";" in D:\Nepweb Tech\Local Sites\cool-kids-network\app\public\wp-content\plugins\cool-kids-network\includes\class-ckn-dashboard.php on line 33
[15-Feb-2025 05:29:06 UTC] PHP Warning:  Uninitialized string offset 0 in D:\Nepweb Tech\Local Sites\cool-kids-network\app\public\wp-content\plugins\cool-kids-network\includes\class-ckn-dashboard.php on line 47
[15-Feb-2025 05:29:06 UTC] PHP Warning:  Uninitialized string offset 0 in D:\Nepweb Tech\Local Sites\cool-kids-network\app\public\wp-content\plugins\cool-kids-network\includes\class-ckn-dashboard.php on line 47
[15-Feb-2025 05:29:06 UTC] PHP Warning:  Uninitialized string offset 0 in D:\Nepweb Tech\Local Sites\cool-kids-network\app\public\wp-content\plugins\cool-kids-network\includes\class-ckn-dashboard.php on line 47
[15-Feb-2025 05:29:06 UTC] PHP Warning:  Uninitialized string offset 0 in D:\Nepweb Tech\Local Sites\cool-kids-network\app\public\wp-content\plugins\cool-kids-network\includes\class-ckn-dashboard.php on line 47
[15-Feb-2025 05:29:06 UTC] PHP Warning:  Uninitialized string offset 0 in D:\Nepweb Tech\Local Sites\cool-kids-network\app\public\wp-content\plugins\cool-kids-network\includes\class-ckn-dashboard.php on line 47
[15-Feb-2025 05:40:27 UTC] PHP Warning:  Uninitialized string offset 0 in D:\Nepweb Tech\Local Sites\cool-kids-network\app\public\wp-content\plugins\cool-kids-network\includes\class-ckn-dashboard.php on line 47
[15-Feb-2025 05:40:27 UTC] PHP Warning:  Uninitialized string offset 0 in D:\Nepweb Tech\Local Sites\cool-kids-network\app\public\wp-content\plugins\cool-kids-network\includes\class-ckn-dashboard.php on line 47
[15-Feb-2025 05:40:27 UTC] PHP Warning:  Uninitialized string offset 0 in D:\Nepweb Tech\Local Sites\cool-kids-network\app\public\wp-content\plugins\cool-kids-network\includes\class-ckn-dashboard.php on line 47
[15-Feb-2025 05:40:27 UTC] PHP Warning:  Uninitialized string offset 0 in D:\Nepweb Tech\Local Sites\cool-kids-network\app\public\wp-content\plugins\cool-kids-network\includes\class-ckn-dashboard.php on line 47
[15-Feb-2025 05:40:27 UTC] PHP Warning:  Uninitialized string offset 0 in D:\Nepweb Tech\Local Sites\cool-kids-network\app\public\wp-content\plugins\cool-kids-network\includes\class-ckn-dashboard.php on line 47
[15-Feb-2025 05:40:56 UTC] PHP Parse error:  syntax error, unexpected token "{", expecting ";" in D:\Nepweb Tech\Local Sites\cool-kids-network\app\public\wp-content\plugins\cool-kids-network\includes\class-ckn-dashboard.php on line 33
[15-Feb-2025 05:42:23 UTC] PHP Warning:  Uninitialized string offset 0 in D:\Nepweb Tech\Local Sites\cool-kids-network\app\public\wp-content\plugins\cool-kids-network\includes\class-ckn-dashboard.php on line 47
[15-Feb-2025 05:42:23 UTC] PHP Warning:  Uninitialized string offset 0 in D:\Nepweb Tech\Local Sites\cool-kids-network\app\public\wp-content\plugins\cool-kids-network\includes\class-ckn-dashboard.php on line 47
[15-Feb-2025 05:42:23 UTC] PHP Warning:  Uninitialized string offset 0 in D:\Nepweb Tech\Local Sites\cool-kids-network\app\public\wp-content\plugins\cool-kids-network\includes\class-ckn-dashboard.php on line 47
[15-Feb-2025 05:42:23 UTC] PHP Warning:  Uninitialized string offset 0 in D:\Nepweb Tech\Local Sites\cool-kids-network\app\public\wp-content\plugins\cool-kids-network\includes\class-ckn-dashboard.php on line 47
[15-Feb-2025 05:42:23 UTC] PHP Warning:  Uninitialized string offset 0 in D:\Nepweb Tech\Local Sites\cool-kids-network\app\public\wp-content\plugins\cool-kids-network\includes\class-ckn-dashboard.php on line 47
[15-Feb-2025 05:43:25 UTC] PHP Warning:  Uninitialized string offset 0 in D:\Nepweb Tech\Local Sites\cool-kids-network\app\public\wp-content\plugins\cool-kids-network\includes\class-ckn-dashboard.php on line 48
[15-Feb-2025 05:43:25 UTC] PHP Warning:  Uninitialized string offset 0 in D:\Nepweb Tech\Local Sites\cool-kids-network\app\public\wp-content\plugins\cool-kids-network\includes\class-ckn-dashboard.php on line 48
[15-Feb-2025 05:43:25 UTC] PHP Warning:  Uninitialized string offset 0 in D:\Nepweb Tech\Local Sites\cool-kids-network\app\public\wp-content\plugins\cool-kids-network\includes\class-ckn-dashboard.php on line 48
[15-Feb-2025 05:43:25 UTC] PHP Warning:  Uninitialized string offset 0 in D:\Nepweb Tech\Local Sites\cool-kids-network\app\public\wp-content\plugins\cool-kids-network\includes\class-ckn-dashboard.php on line 48
[15-Feb-2025 05:43:25 UTC] PHP Warning:  Uninitialized string offset 0 in D:\Nepweb Tech\Local Sites\cool-kids-network\app\public\wp-content\plugins\cool-kids-network\includes\class-ckn-dashboard.php on line 48
[15-Feb-2025 05:44:58 UTC] PHP Parse error:  syntax error, unexpected variable "$user", expecting "," or ";" in D:\Nepweb Tech\Local Sites\cool-kids-network\app\public\wp-content\plugins\cool-kids-network\includes\class-ckn-dashboard.php on line 48
[15-Feb-2025 05:50:50 UTC] PHP Fatal error:  Uncaught Error: Object of class WP_User could not be converted to string in D:\Nepweb Tech\Local Sites\cool-kids-network\app\public\wp-content\plugins\cool-kids-network\includes\class-ckn-dashboard.php:48
Stack trace:
#0 D:\Nepweb Tech\Local Sites\cool-kids-network\app\public\wp-includes\shortcodes.php(434): CKN_Dashboard::user_list(Array, '', 'ckn_user_list')
#1 [internal function]: do_shortcode_tag(Array)
#2 D:\Nepweb Tech\Local Sites\cool-kids-network\app\public\wp-includes\shortcodes.php(273): preg_replace_callback('/\\[(\\[?)(ckn_us...', 'do_shortcode_ta...', '[ckn_user_list]')
#3 D:\Nepweb Tech\Local Sites\cool-kids-network\app\public\wp-content\plugins\cool-kids-network\includes\class-ckn-dashboard.php(24): do_shortcode('[ckn_user_list]')
#4 D:\Nepweb Tech\Local Sites\cool-kids-network\app\public\wp-includes\shortcodes.php(434): CKN_Dashboard::dashboard_content(Array, '', 'ckn_dashboard')
#5 [internal function]: do_shortcode_tag(Array)
#6 D:\Nepweb Tech\Local Sites\cool-kids-network\app\public\wp-includes\shortcodes.php(273): preg_replace_callback('/\\[(\\[?)(ckn_da...', 'do_shortcode_ta...', '[ckn_dashboard]...')
#7 D:\Nepweb Tech\Local Sites\cool-kids-network\app\public\wp-includes\class-wp-hook.php(324): do_shortcode('[ckn_dashboard]...')
#8 D:\Nepweb Tech\Local Sites\cool-kids-network\app\public\wp-includes\plugin.php(205): WP_Hook->apply_filters('[ckn_dashboard]...', Array)
#9 D:\Nepweb Tech\Local Sites\cool-kids-network\app\public\wp-includes\blocks\post-content.php(50): apply_filters('the_content', '<!-- wp:shortco...')
#10 D:\Nepweb Tech\Local Sites\cool-kids-network\app\public\wp-includes\class-wp-block.php(537): render_block_core_post_content(Array, '<!-- wp:shortco...', Object(WP_Block))
#11 D:\Nepweb Tech\Local Sites\cool-kids-network\app\public\wp-includes\class-wp-block.php(517): WP_Block->render()
#12 D:\Nepweb Tech\Local Sites\cool-kids-network\app\public\wp-includes\class-wp-block.php(517): WP_Block->render()
#13 D:\Nepweb Tech\Local Sites\cool-kids-network\app\public\wp-includes\blocks.php(2191): WP_Block->render()
#14 D:\Nepweb Tech\Local Sites\cool-kids-network\app\public\wp-includes\blocks.php(2243): render_block(Array)
#15 D:\Nepweb Tech\Local Sites\cool-kids-network\app\public\wp-includes\block-template.php(260): do_blocks('<!-- wp:templat...')
#16 D:\Nepweb Tech\Local Sites\cool-kids-network\app\public\wp-includes\template-canvas.php(12): get_the_block_template_html()
#17 D:\Nepweb Tech\Local Sites\cool-kids-network\app\public\wp-includes\template-loader.php(106): include('D:\\Nepweb Tech\\...')
#18 D:\Nepweb Tech\Local Sites\cool-kids-network\app\public\wp-blog-header.php(19): require_once('D:\\Nepweb Tech\\...')
#19 D:\Nepweb Tech\Local Sites\cool-kids-network\app\public\index.php(17): require('D:\\Nepweb Tech\\...')
#20 {main}
  thrown in D:\Nepweb Tech\Local Sites\cool-kids-network\app\public\wp-content\plugins\cool-kids-network\includes\class-ckn-dashboard.php on line 48
[15-Feb-2025 05:51:34 UTC] PHP Warning:  Uninitialized string offset 0 in D:\Nepweb Tech\Local Sites\cool-kids-network\app\public\wp-content\plugins\cool-kids-network\includes\class-ckn-dashboard.php on line 47
[15-Feb-2025 05:51:34 UTC] PHP Warning:  Uninitialized string offset 0 in D:\Nepweb Tech\Local Sites\cool-kids-network\app\public\wp-content\plugins\cool-kids-network\includes\class-ckn-dashboard.php on line 47
[15-Feb-2025 05:51:34 UTC] PHP Warning:  Uninitialized string offset 0 in D:\Nepweb Tech\Local Sites\cool-kids-network\app\public\wp-content\plugins\cool-kids-network\includes\class-ckn-dashboard.php on line 47
[15-Feb-2025 05:51:34 UTC] PHP Warning:  Uninitialized string offset 0 in D:\Nepweb Tech\Local Sites\cool-kids-network\app\public\wp-content\plugins\cool-kids-network\includes\class-ckn-dashboard.php on line 47
[15-Feb-2025 05:51:34 UTC] PHP Warning:  Uninitialized string offset 0 in D:\Nepweb Tech\Local Sites\cool-kids-network\app\public\wp-content\plugins\cool-kids-network\includes\class-ckn-dashboard.php on line 47
[15-Feb-2025 05:53:13 UTC] PHP Warning:  Uninitialized string offset 0 in D:\Nepweb Tech\Local Sites\cool-kids-network\app\public\wp-content\plugins\cool-kids-network\includes\class-ckn-dashboard.php on line 47
[15-Feb-2025 05:53:13 UTC] PHP Warning:  Uninitialized string offset 0 in D:\Nepweb Tech\Local Sites\cool-kids-network\app\public\wp-content\plugins\cool-kids-network\includes\class-ckn-dashboard.php on line 47
[15-Feb-2025 05:53:13 UTC] PHP Warning:  Uninitialized string offset 0 in D:\Nepweb Tech\Local Sites\cool-kids-network\app\public\wp-content\plugins\cool-kids-network\includes\class-ckn-dashboard.php on line 47
[15-Feb-2025 05:53:13 UTC] PHP Warning:  Uninitialized string offset 0 in D:\Nepweb Tech\Local Sites\cool-kids-network\app\public\wp-content\plugins\cool-kids-network\includes\class-ckn-dashboard.php on line 47
[15-Feb-2025 05:53:13 UTC] PHP Warning:  Uninitialized string offset 0 in D:\Nepweb Tech\Local Sites\cool-kids-network\app\public\wp-content\plugins\cool-kids-network\includes\class-ckn-dashboard.php on line 47
[15-Feb-2025 05:53:32 UTC] PHP Warning:  Uninitialized string offset 0 in D:\Nepweb Tech\Local Sites\cool-kids-network\app\public\wp-content\plugins\cool-kids-network\includes\class-ckn-dashboard.php on line 47
[15-Feb-2025 05:53:32 UTC] PHP Warning:  Uninitialized string offset 0 in D:\Nepweb Tech\Local Sites\cool-kids-network\app\public\wp-content\plugins\cool-kids-network\includes\class-ckn-dashboard.php on line 47
[15-Feb-2025 05:53:32 UTC] PHP Warning:  Uninitialized string offset 0 in D:\Nepweb Tech\Local Sites\cool-kids-network\app\public\wp-content\plugins\cool-kids-network\includes\class-ckn-dashboard.php on line 47
[15-Feb-2025 05:53:32 UTC] PHP Warning:  Uninitialized string offset 0 in D:\Nepweb Tech\Local Sites\cool-kids-network\app\public\wp-content\plugins\cool-kids-network\includes\class-ckn-dashboard.php on line 47
[15-Feb-2025 05:53:32 UTC] PHP Warning:  Uninitialized string offset 0 in D:\Nepweb Tech\Local Sites\cool-kids-network\app\public\wp-content\plugins\cool-kids-network\includes\class-ckn-dashboard.php on line 47
[15-Feb-2025 05:57:37 UTC] PHP Warning:  Array to string conversion in D:\Nepweb Tech\Local Sites\cool-kids-network\app\public\wp-content\plugins\cool-kids-network\includes\class-ckn-dashboard.php on line 47
[15-Feb-2025 05:57:37 UTC] PHP Warning:  Array to string conversion in D:\Nepweb Tech\Local Sites\cool-kids-network\app\public\wp-content\plugins\cool-kids-network\includes\class-ckn-dashboard.php on line 47
[15-Feb-2025 05:57:37 UTC] PHP Warning:  Array to string conversion in D:\Nepweb Tech\Local Sites\cool-kids-network\app\public\wp-content\plugins\cool-kids-network\includes\class-ckn-dashboard.php on line 47
[15-Feb-2025 05:57:37 UTC] PHP Warning:  Array to string conversion in D:\Nepweb Tech\Local Sites\cool-kids-network\app\public\wp-content\plugins\cool-kids-network\includes\class-ckn-dashboard.php on line 47
[15-Feb-2025 05:57:37 UTC] PHP Warning:  Array to string conversion in D:\Nepweb Tech\Local Sites\cool-kids-network\app\public\wp-content\plugins\cool-kids-network\includes\class-ckn-dashboard.php on line 47
[15-Feb-2025 05:58:06 UTC] PHP Warning:  Undefined array key 0 in D:\Nepweb Tech\Local Sites\cool-kids-network\app\public\wp-content\plugins\cool-kids-network\includes\class-ckn-dashboard.php on line 47
[15-Feb-2025 05:58:06 UTC] PHP Warning:  Undefined array key 0 in D:\Nepweb Tech\Local Sites\cool-kids-network\app\public\wp-content\plugins\cool-kids-network\includes\class-ckn-dashboard.php on line 47
[15-Feb-2025 05:58:06 UTC] PHP Warning:  Undefined array key 0 in D:\Nepweb Tech\Local Sites\cool-kids-network\app\public\wp-content\plugins\cool-kids-network\includes\class-ckn-dashboard.php on line 47
[15-Feb-2025 05:58:06 UTC] PHP Warning:  Undefined array key 0 in D:\Nepweb Tech\Local Sites\cool-kids-network\app\public\wp-content\plugins\cool-kids-network\includes\class-ckn-dashboard.php on line 47
[15-Feb-2025 05:58:06 UTC] PHP Warning:  Undefined array key 0 in D:\Nepweb Tech\Local Sites\cool-kids-network\app\public\wp-content\plugins\cool-kids-network\includes\class-ckn-dashboard.php on line 47
[15-Feb-2025 05:58:18 UTC] PHP Warning:  Undefined array key 1 in D:\Nepweb Tech\Local Sites\cool-kids-network\app\public\wp-content\plugins\cool-kids-network\includes\class-ckn-dashboard.php on line 47
[15-Feb-2025 05:58:18 UTC] PHP Warning:  Undefined array key 1 in D:\Nepweb Tech\Local Sites\cool-kids-network\app\public\wp-content\plugins\cool-kids-network\includes\class-ckn-dashboard.php on line 47
[15-Feb-2025 05:58:18 UTC] PHP Warning:  Undefined array key 1 in D:\Nepweb Tech\Local Sites\cool-kids-network\app\public\wp-content\plugins\cool-kids-network\includes\class-ckn-dashboard.php on line 47
[15-Feb-2025 05:58:18 UTC] PHP Warning:  Undefined array key 1 in D:\Nepweb Tech\Local Sites\cool-kids-network\app\public\wp-content\plugins\cool-kids-network\includes\class-ckn-dashboard.php on line 47
[15-Feb-2025 05:58:18 UTC] PHP Warning:  Undefined array key 1 in D:\Nepweb Tech\Local Sites\cool-kids-network\app\public\wp-content\plugins\cool-kids-network\includes\class-ckn-dashboard.php on line 47
[15-Feb-2025 06:02:16 UTC] PHP Warning:  Array to string conversion in D:\Nepweb Tech\Local Sites\cool-kids-network\app\public\wp-content\plugins\cool-kids-network\includes\class-ckn-dashboard.php on line 47
[15-Feb-2025 06:02:16 UTC] PHP Warning:  Array to string conversion in D:\Nepweb Tech\Local Sites\cool-kids-network\app\public\wp-content\plugins\cool-kids-network\includes\class-ckn-dashboard.php on line 47
[15-Feb-2025 06:02:16 UTC] PHP Warning:  Array to string conversion in D:\Nepweb Tech\Local Sites\cool-kids-network\app\public\wp-content\plugins\cool-kids-network\includes\class-ckn-dashboard.php on line 47
[15-Feb-2025 06:02:16 UTC] PHP Warning:  Array to string conversion in D:\Nepweb Tech\Local Sites\cool-kids-network\app\public\wp-content\plugins\cool-kids-network\includes\class-ckn-dashboard.php on line 47
[15-Feb-2025 06:02:16 UTC] PHP Warning:  Array to string conversion in D:\Nepweb Tech\Local Sites\cool-kids-network\app\public\wp-content\plugins\cool-kids-network\includes\class-ckn-dashboard.php on line 47
